<?xml version="1.0" encoding="UTF-8"?>
<!-- Generated by org.testng.reporters.JUnitXMLReporter -->
<testsuite hostname="LTRNELLURI10" ignored="6" name="Regression testing" tests="1" failures="0" timestamp="02 Jul 2020 16:37:38 GMT" time="62.564" errors="0">
  <testcase name="VerifyOppsCreation" time="25.012" classname="com.TestCases.OpportunitiesTest"/>
  <testcase name="VerifyEndToEndFlowPositive" time="0.0" classname="com.TestCases.EndToEndFlow">
    <ignored/>
  </testcase> <!-- VerifyEndToEndFlowPositive -->
  <testcase name="@AfterSuite afterSuite" time="0.0" classname="com.TestRunner.BaseTest">
    <ignored/>
  </testcase> <!-- @AfterSuite afterSuite -->
  <testcase name="@AfterSuite afterSuite" time="0.0" classname="com.TestRunner.BaseTest">
    <ignored/>
  </testcase> <!-- @AfterSuite afterSuite -->
  <testcase name="VerifyContactsCreation" time="0.0" classname="com.TestCases.ContactsTest">
    <ignored/>
  </testcase> <!-- VerifyContactsCreation -->
  <testcase name="VerifyContactsValidationSkip" time="0.0" classname="com.TestCases.ContactsTest">
    <ignored/>
  </testcase> <!-- VerifyContactsValidationSkip -->
  <testcase name="VerifyEndToEndFlowNegative" time="0.0" classname="com.TestCases.EndToEndFlow">
    <ignored/>
  </testcase> <!-- VerifyEndToEndFlowNegative -->
</testsuite> <!-- Regression testing -->
